<?xml version="1.0" encoding="UTF-8"?>
<!-- Generated by org.testng.reporters.JUnitXMLReporter -->
<testsuite hostname="jamir-PC" name="Test" tests="1" failures="1" timestamp="16 Feb 2020 11:38:42 GMT" time="46.192" errors="0">
  <testcase name="feature" time="43.675" classname="runner.Runner">
    <failure type="cucumber.runtime.CucumberException" message="java.lang.NullPointerException">
      <![CDATA[cucumber.runtime.CucumberException: java.lang.NullPointerException
	at cucumber.api.testng.TestNGCucumberRunner.runCucumber(TestNGCucumberRunner.java:69)
	at runner.Runner.feature(Runner.java:31)
	at java.util.concurrent.FutureTask.run(FutureTask.java:266)
	at java.util.concurrent.Executors$RunnableAdapter.call(Executors.java:511)
	at java.util.concurrent.FutureTask.run(FutureTask.java:266)
	at java.util.concurrent.ThreadPoolExecutor.runWorker(ThreadPoolExecutor.java:1149)
	at java.util.concurrent.ThreadPoolExecutor$Worker.run(ThreadPoolExecutor.java:624)
	at java.lang.Thread.run(Thread.java:748)
Caused by: java.lang.NullPointerException
	at generic.SeleniumClass.getscreenshot(SeleniumClass.java:30)
	at listners.ExtentReportListner.testStepHandle(ExtentReportListner.java:46)
	at stepdef.HomeStepDef.browser_is_selected(HomeStepDef.java:29)
	at ✽.Given "chrome" browser is selected(Home.feature:5)
... Removed 9 stack frames]]>
    </failure>
  </testcase> <!-- feature -->
</testsuite> <!-- Test -->
